<?xml version="1.0" encoding="UTF-8"?>
<!-- Generated by org.testng.reporters.JUnitReportReporter -->
<testsuite hostname="MAHFUJ-1B5SPLO" failures="0" tests="2" name="btAat062020.BeforeAndAfterMeth" time="0.981" errors="0" timestamp="2020-06-23T17:39:19 EDT" skipped="0">
  <testcase classname="btAat062020.BeforeAndAfterMeth" name="signinFBTest" time="0.462"/>
  <system-out/>
  <testcase classname="btAat062020.BeforeAndAfterMeth" name="signupFBTest" time="0.519"/>
  <system-out/>
</testsuite> <!-- btAat062020.BeforeAndAfterMeth -->
