<?xml version="1.0" encoding="UTF-8"?>
<!-- Generated by org.testng.reporters.JUnitReportReporter -->
<testsuite hostname="MAHFUJ-1B5SPLO" failures="0" tests="2" name="btAat062020.BeforeAndAfterMeth" time="27.574" errors="0" timestamp="2020-06-23T08:54:51 EDT" skipped="0">
  <testcase classname="btAat062020.BeforeAndAfterMeth" name="signinFBTest" time="16.817"/>
  <system-out/>
  <testcase classname="btAat062020.BeforeAndAfterMeth" name="signupFBTest" time="10.757"/>
  <system-out/>
</testsuite> <!-- btAat062020.BeforeAndAfterMeth -->
